[INFO ] 2022-01-22 22:41:16 [main] com.springbootdemo.SpingbotoAppplicatoinApplication - this is info 
[WARN ] 2022-01-22 22:41:16 [main] com.springbootdemo.SpingbotoAppplicatoinApplication - this is warn 
[ERROR] 2022-01-22 22:41:16 [main] com.springbootdemo.SpingbotoAppplicatoinApplication - this is error 
[FATAL] 2022-01-22 22:41:16 [main] com.springbootdemo.SpingbotoAppplicatoinApplication - this is fatal 
[INFO ] 2022-01-22 22:41:17 [main] org.springframework.boot.StartupInfoLogger - Starting SpingbotoAppplicatoinApplication on DESKTOP-NT1482G with PID 12332 (C:\Users\pankaj.gusain\Downloads\SpingbotoAppplicatoin\target\classes started by pankaj.gusain in C:\Users\pankaj.gusain\Downloads\SpingbotoAppplicatoin)
[INFO ] 2022-01-22 22:41:17 [main] org.springframework.boot.SpringApplication - No active profile set, falling back to default profiles: default
[INFO ] 2022-01-22 22:41:19 [main] org.springframework.data.repository.config.RepositoryConfigurationDelegate - Bootstrapping Spring Data repositories in DEFAULT mode.
[INFO ] 2022-01-22 22:41:19 [main] org.springframework.data.repository.config.RepositoryConfigurationDelegate - Finished Spring Data repository scanning in 33ms. Found 0 repository interfaces.
[INFO ] 2022-01-22 22:41:19 [main] org.springframework.context.support.PostProcessorRegistrationDelegate$BeanPostProcessorChecker - Bean 'org.springframework.transaction.annotation.ProxyTransactionManagementConfiguration' of type [org.springframework.transaction.annotation.ProxyTransactionManagementConfiguration$$EnhancerBySpringCGLIB$$31d87922] is not eligible for getting processed by all BeanPostProcessors (for example: not eligible for auto-proxying)
[INFO ] 2022-01-22 22:41:20 [main] org.springframework.boot.web.embedded.tomcat.TomcatWebServer - Tomcat initialized with port(s): 8600 (http)
[INFO ] 2022-01-22 22:41:20 [main] org.apache.juli.logging.DirectJDKLog - Initializing ProtocolHandler ["http-nio-8600"]
[INFO ] 2022-01-22 22:41:20 [main] org.apache.juli.logging.DirectJDKLog - Starting service [Tomcat]
[INFO ] 2022-01-22 22:41:20 [main] org.apache.juli.logging.DirectJDKLog - Starting Servlet engine: [Apache Tomcat/9.0.17]
[INFO ] 2022-01-22 22:41:20 [main] org.apache.juli.logging.DirectJDKLog - Initializing Spring embedded WebApplicationContext
[INFO ] 2022-01-22 22:41:20 [main] org.springframework.boot.web.servlet.context.ServletWebServerApplicationContext - Root WebApplicationContext: initialization completed in 2976 ms
[INFO ] 2022-01-22 22:41:21 [main] com.zaxxer.hikari.HikariDataSource - HikariPool-1 - Starting...
[WARN ] 2022-01-22 22:41:21 [main] com.zaxxer.hikari.util.DriverDataSource - Registered driver with driverClassName=com.mysql.jdbc.Driver was not found, trying direct instantiation.
[INFO ] 2022-01-22 22:41:21 [main] com.zaxxer.hikari.HikariDataSource - HikariPool-1 - Start completed.
[INFO ] 2022-01-22 22:41:21 [main] org.hibernate.jpa.internal.util.LogHelper - HHH000204: Processing PersistenceUnitInfo [
	name: default
	...]
[INFO ] 2022-01-22 22:41:22 [main] org.hibernate.Version - HHH000412: Hibernate Core {5.3.9.Final}
[INFO ] 2022-01-22 22:41:22 [main] org.hibernate.cfg.Environment - HHH000206: hibernate.properties not found
[INFO ] 2022-01-22 22:41:22 [main] org.hibernate.annotations.common.reflection.java.JavaReflectionManager - HCANN000001: Hibernate Commons Annotations {5.0.4.Final}
[INFO ] 2022-01-22 22:41:23 [main] org.hibernate.dialect.Dialect - HHH000400: Using dialect: org.hibernate.dialect.MySQL5Dialect
[INFO ] 2022-01-22 22:41:24 [main] org.springframework.orm.jpa.AbstractEntityManagerFactoryBean - Initialized JPA EntityManagerFactory for persistence unit 'default'
[INFO ] 2022-01-22 22:41:25 [main] org.springframework.security.web.DefaultSecurityFilterChain - Creating filter chain: any request, [org.springframework.security.web.context.request.async.WebAsyncManagerIntegrationFilter@673605ef, org.springframework.security.web.context.SecurityContextPersistenceFilter@51e1e058, org.springframework.security.web.header.HeaderWriterFilter@35dc849b, org.springframework.security.web.csrf.CsrfFilter@2ef1fc8a, org.springframework.security.web.authentication.logout.LogoutFilter@194eae3e, org.springframework.security.web.authentication.UsernamePasswordAuthenticationFilter@31dd0e2e, org.springframework.security.web.authentication.ui.DefaultLoginPageGeneratingFilter@4cf15477, org.springframework.security.web.authentication.ui.DefaultLogoutPageGeneratingFilter@29eaf100, org.springframework.security.web.authentication.www.BasicAuthenticationFilter@197180a5, org.springframework.security.web.savedrequest.RequestCacheAwareFilter@25d23478, org.springframework.security.web.servletapi.SecurityContextHolderAwareRequestFilter@2761156e, org.springframework.security.web.authentication.AnonymousAuthenticationFilter@6c1a6db1, org.springframework.security.web.session.SessionManagementFilter@34065642, org.springframework.security.web.access.ExceptionTranslationFilter@4c0bfe9e, org.springframework.security.web.access.intercept.FilterSecurityInterceptor@4229b92c]
[INFO ] 2022-01-22 22:41:25 [main] org.springframework.scheduling.concurrent.ExecutorConfigurationSupport - Initializing ExecutorService 'applicationTaskExecutor'
[WARN ] 2022-01-22 22:41:25 [main] org.springframework.boot.autoconfigure.orm.jpa.JpaBaseConfiguration$JpaWebConfiguration$JpaWebMvcConfiguration - spring.jpa.open-in-view is enabled by default. Therefore, database queries may be performed during view rendering. Explicitly configure spring.jpa.open-in-view to disable this warning
[INFO ] 2022-01-22 22:41:25 [main] org.apache.juli.logging.DirectJDKLog - Starting ProtocolHandler ["http-nio-8600"]
[INFO ] 2022-01-22 22:41:25 [main] org.springframework.boot.web.embedded.tomcat.TomcatWebServer - Tomcat started on port(s): 8600 (http) with context path ''
[INFO ] 2022-01-22 22:41:25 [main] org.springframework.boot.StartupInfoLogger - Started SpingbotoAppplicatoinApplication in 9.068 seconds (JVM running for 11.31)
[WARN ] 2022-01-22 23:19:57 [HikariPool-1 housekeeper] com.zaxxer.hikari.pool.HikariPool$HouseKeeper - HikariPool-1 - Thread starvation or clock leap detected (housekeeper delta=14m35s119ms878µs700ns).
[WARN ] 2022-01-23 20:45:59 [HikariPool-1 housekeeper] com.zaxxer.hikari.pool.HikariPool$HouseKeeper - HikariPool-1 - Thread starvation or clock leap detected (housekeeper delta=21h14m7s706ms86µs200ns).
[WARN ] 2022-01-26 12:28:42 [HikariPool-1 housekeeper] com.zaxxer.hikari.pool.HikariPool$HouseKeeper - HikariPool-1 - Thread starvation or clock leap detected (housekeeper delta=2d12h42m46s246ms980µs800ns).
[INFO ] 2022-01-26 12:49:39 [http-nio-8600-exec-1] org.apache.juli.logging.DirectJDKLog - Initializing Spring DispatcherServlet 'dispatcherServlet'
[INFO ] 2022-01-26 12:49:39 [http-nio-8600-exec-1] org.springframework.web.servlet.FrameworkServlet - Initializing Servlet 'dispatcherServlet'
[INFO ] 2022-01-26 12:49:39 [http-nio-8600-exec-1] org.springframework.web.servlet.FrameworkServlet - Completed initialization in 175 ms
[WARN ] 2022-01-26 12:49:40 [http-nio-8600-exec-1] org.apache.juli.logging.DirectJDKLog - Creation of SecureRandom instance for session ID generation using [SHA1PRNG] took [143] milliseconds.
[INFO ] 2022-01-26 12:51:54 [RMI TCP Connection(250)-127.0.0.1] org.springframework.boot.admin.SpringApplicationAdminMXBeanRegistrar$SpringApplicationAdmin - Application shutdown requested.
[INFO ] 2022-01-26 12:51:54 [RMI TCP Connection(250)-127.0.0.1] org.springframework.scheduling.concurrent.ExecutorConfigurationSupport - Shutting down ExecutorService 'applicationTaskExecutor'
[INFO ] 2022-01-26 12:51:54 [RMI TCP Connection(250)-127.0.0.1] org.springframework.orm.jpa.AbstractEntityManagerFactoryBean - Closing JPA EntityManagerFactory for persistence unit 'default'
[INFO ] 2022-01-26 12:51:54 [RMI TCP Connection(250)-127.0.0.1] com.zaxxer.hikari.HikariDataSource - HikariPool-1 - Shutdown initiated...
[INFO ] 2022-01-26 12:51:54 [RMI TCP Connection(250)-127.0.0.1] com.zaxxer.hikari.HikariDataSource - HikariPool-1 - Shutdown completed.
[INFO ] 2022-01-26 12:52:03 [main] com.springbootdemo.SpingbotoAppplicatoinApplication - this is info 
[WARN ] 2022-01-26 12:52:03 [main] com.springbootdemo.SpingbotoAppplicatoinApplication - this is warn 
[ERROR] 2022-01-26 12:52:03 [main] com.springbootdemo.SpingbotoAppplicatoinApplication - this is error 
[FATAL] 2022-01-26 12:52:03 [main] com.springbootdemo.SpingbotoAppplicatoinApplication - this is fatal 
[INFO ] 2022-01-26 12:52:03 [main] org.springframework.boot.StartupInfoLogger - Starting SpingbotoAppplicatoinApplication on DESKTOP-NT1482G with PID 19912 (C:\Users\pankaj.gusain\Downloads\SpingbotoAppplicatoin\target\classes started by pankaj.gusain in C:\Users\pankaj.gusain\Downloads\SpingbotoAppplicatoin)
[INFO ] 2022-01-26 12:52:03 [main] org.springframework.boot.SpringApplication - No active profile set, falling back to default profiles: default
[INFO ] 2022-01-26 12:52:05 [main] org.springframework.data.repository.config.RepositoryConfigurationDelegate - Bootstrapping Spring Data repositories in DEFAULT mode.
[INFO ] 2022-01-26 12:52:05 [main] org.springframework.data.repository.config.RepositoryConfigurationDelegate - Finished Spring Data repository scanning in 55ms. Found 0 repository interfaces.
[INFO ] 2022-01-26 12:52:06 [main] org.springframework.context.support.PostProcessorRegistrationDelegate$BeanPostProcessorChecker - Bean 'org.springframework.transaction.annotation.ProxyTransactionManagementConfiguration' of type [org.springframework.transaction.annotation.ProxyTransactionManagementConfiguration$$EnhancerBySpringCGLIB$$41bfc57b] is not eligible for getting processed by all BeanPostProcessors (for example: not eligible for auto-proxying)
[INFO ] 2022-01-26 12:52:06 [main] org.springframework.boot.web.embedded.tomcat.TomcatWebServer - Tomcat initialized with port(s): 8080 (http)
[INFO ] 2022-01-26 12:52:06 [main] org.apache.juli.logging.DirectJDKLog - Initializing ProtocolHandler ["http-nio-8080"]
[INFO ] 2022-01-26 12:52:06 [main] org.apache.juli.logging.DirectJDKLog - Starting service [Tomcat]
[INFO ] 2022-01-26 12:52:06 [main] org.apache.juli.logging.DirectJDKLog - Starting Servlet engine: [Apache Tomcat/9.0.17]
[INFO ] 2022-01-26 12:52:07 [main] org.apache.juli.logging.DirectJDKLog - Initializing Spring embedded WebApplicationContext
[INFO ] 2022-01-26 12:52:07 [main] org.springframework.boot.web.servlet.context.ServletWebServerApplicationContext - Root WebApplicationContext: initialization completed in 3161 ms
[INFO ] 2022-01-26 12:52:07 [main] com.zaxxer.hikari.HikariDataSource - HikariPool-1 - Starting...
[INFO ] 2022-01-26 12:52:08 [main] com.zaxxer.hikari.HikariDataSource - HikariPool-1 - Start completed.
[INFO ] 2022-01-26 12:52:08 [main] org.hibernate.jpa.internal.util.LogHelper - HHH000204: Processing PersistenceUnitInfo [
	name: default
	...]
[INFO ] 2022-01-26 12:52:08 [main] org.hibernate.Version - HHH000412: Hibernate Core {5.3.9.Final}
[INFO ] 2022-01-26 12:52:08 [main] org.hibernate.cfg.Environment - HHH000206: hibernate.properties not found
[INFO ] 2022-01-26 12:52:08 [main] org.hibernate.annotations.common.reflection.java.JavaReflectionManager - HCANN000001: Hibernate Commons Annotations {5.0.4.Final}
[INFO ] 2022-01-26 12:52:08 [main] org.hibernate.dialect.Dialect - HHH000400: Using dialect: org.hibernate.dialect.MySQL5Dialect
[INFO ] 2022-01-26 12:52:10 [main] org.springframework.orm.jpa.AbstractEntityManagerFactoryBean - Initialized JPA EntityManagerFactory for persistence unit 'default'
[WARN ] 2022-01-26 12:52:10 [main] org.springframework.context.support.AbstractApplicationContext - Exception encountered during context initialization - cancelling refresh attempt: org.springframework.beans.factory.BeanCreationException: Error creating bean with name 'springController': Injection of autowired dependencies failed; nested exception is java.lang.IllegalArgumentException: Could not resolve placeholder 'server.port' in value "${server.port}"
[INFO ] 2022-01-26 12:52:10 [main] org.springframework.orm.jpa.AbstractEntityManagerFactoryBean - Closing JPA EntityManagerFactory for persistence unit 'default'
[INFO ] 2022-01-26 12:52:10 [main] com.zaxxer.hikari.HikariDataSource - HikariPool-1 - Shutdown initiated...
[INFO ] 2022-01-26 12:52:10 [main] com.zaxxer.hikari.HikariDataSource - HikariPool-1 - Shutdown completed.
[INFO ] 2022-01-26 12:52:10 [main] org.apache.juli.logging.DirectJDKLog - Stopping service [Tomcat]
[INFO ] 2022-01-26 12:52:10 [main] org.springframework.boot.autoconfigure.logging.ConditionEvaluationReportLoggingListener - 

Error starting ApplicationContext. To display the conditions report re-run your application with 'debug' enabled.
[ERROR] 2022-01-26 12:52:10 [main] org.springframework.boot.SpringApplication - Application run failed
org.springframework.beans.factory.BeanCreationException: Error creating bean with name 'springController': Injection of autowired dependencies failed; nested exception is java.lang.IllegalArgumentException: Could not resolve placeholder 'server.port' in value "${server.port}"
	at org.springframework.beans.factory.annotation.AutowiredAnnotationBeanPostProcessor.postProcessProperties(AutowiredAnnotationBeanPostProcessor.java:380) ~[spring-beans-5.1.6.RELEASE.jar:5.1.6.RELEASE]
	at org.springframework.beans.factory.support.AbstractAutowireCapableBeanFactory.populateBean(AbstractAutowireCapableBeanFactory.java:1411) ~[spring-beans-5.1.6.RELEASE.jar:5.1.6.RELEASE]
	at org.springframework.beans.factory.support.AbstractAutowireCapableBeanFactory.doCreateBean(AbstractAutowireCapableBeanFactory.java:592) ~[spring-beans-5.1.6.RELEASE.jar:5.1.6.RELEASE]
	at org.springframework.beans.factory.support.AbstractAutowireCapableBeanFactory.createBean(AbstractAutowireCapableBeanFactory.java:515) ~[spring-beans-5.1.6.RELEASE.jar:5.1.6.RELEASE]
	at org.springframework.beans.factory.support.AbstractBeanFactory.lambda$doGetBean$0(AbstractBeanFactory.java:320) ~[spring-beans-5.1.6.RELEASE.jar:5.1.6.RELEASE]
	at org.springframework.beans.factory.support.DefaultSingletonBeanRegistry.getSingleton(DefaultSingletonBeanRegistry.java:222) ~[spring-beans-5.1.6.RELEASE.jar:5.1.6.RELEASE]
	at org.springframework.beans.factory.support.AbstractBeanFactory.doGetBean(AbstractBeanFactory.java:318) ~[spring-beans-5.1.6.RELEASE.jar:5.1.6.RELEASE]
	at org.springframework.beans.factory.support.AbstractBeanFactory.getBean(AbstractBeanFactory.java:199) ~[spring-beans-5.1.6.RELEASE.jar:5.1.6.RELEASE]
	at org.springframework.beans.factory.support.DefaultListableBeanFactory.preInstantiateSingletons(DefaultListableBeanFactory.java:849) ~[spring-beans-5.1.6.RELEASE.jar:5.1.6.RELEASE]
	at org.springframework.context.support.AbstractApplicationContext.finishBeanFactoryInitialization(AbstractApplicationContext.java:877) ~[spring-context-5.1.6.RELEASE.jar:5.1.6.RELEASE]
	at org.springframework.context.support.AbstractApplicationContext.refresh(AbstractApplicationContext.java:549) ~[spring-context-5.1.6.RELEASE.jar:5.1.6.RELEASE]
	at org.springframework.boot.web.servlet.context.ServletWebServerApplicationContext.refresh(ServletWebServerApplicationContext.java:142) ~[spring-boot-2.1.4.RELEASE.jar:2.1.4.RELEASE]
	at org.springframework.boot.SpringApplication.refresh(SpringApplication.java:775) [spring-boot-2.1.4.RELEASE.jar:2.1.4.RELEASE]
	at org.springframework.boot.SpringApplication.refreshContext(SpringApplication.java:397) [spring-boot-2.1.4.RELEASE.jar:2.1.4.RELEASE]
	at org.springframework.boot.SpringApplication.run(SpringApplication.java:316) [spring-boot-2.1.4.RELEASE.jar:2.1.4.RELEASE]
	at org.springframework.boot.SpringApplication.run(SpringApplication.java:1260) [spring-boot-2.1.4.RELEASE.jar:2.1.4.RELEASE]
	at org.springframework.boot.SpringApplication.run(SpringApplication.java:1248) [spring-boot-2.1.4.RELEASE.jar:2.1.4.RELEASE]
	at com.springbootdemo.SpingbotoAppplicatoinApplication.main(SpingbotoAppplicatoinApplication.java:24) [classes/:?]
Caused by: java.lang.IllegalArgumentException: Could not resolve placeholder 'server.port' in value "${server.port}"
	at org.springframework.util.PropertyPlaceholderHelper.parseStringValue(PropertyPlaceholderHelper.java:172) ~[spring-core-5.1.6.RELEASE.jar:5.1.6.RELEASE]
	at org.springframework.util.PropertyPlaceholderHelper.replacePlaceholders(PropertyPlaceholderHelper.java:124) ~[spring-core-5.1.6.RELEASE.jar:5.1.6.RELEASE]
	at org.springframework.core.env.AbstractPropertyResolver.doResolvePlaceholders(AbstractPropertyResolver.java:237) ~[spring-core-5.1.6.RELEASE.jar:5.1.6.RELEASE]
	at org.springframework.core.env.AbstractPropertyResolver.resolveRequiredPlaceholders(AbstractPropertyResolver.java:211) ~[spring-core-5.1.6.RELEASE.jar:5.1.6.RELEASE]
	at org.springframework.context.support.PropertySourcesPlaceholderConfigurer.lambda$processProperties$0(PropertySourcesPlaceholderConfigurer.java:175) ~[spring-context-5.1.6.RELEASE.jar:5.1.6.RELEASE]
	at org.springframework.beans.factory.support.AbstractBeanFactory.resolveEmbeddedValue(AbstractBeanFactory.java:851) ~[spring-beans-5.1.6.RELEASE.jar:5.1.6.RELEASE]
	at org.springframework.beans.factory.support.DefaultListableBeanFactory.doResolveDependency(DefaultListableBeanFactory.java:1188) ~[spring-beans-5.1.6.RELEASE.jar:5.1.6.RELEASE]
	at org.springframework.beans.factory.support.DefaultListableBeanFactory.resolveDependency(DefaultListableBeanFactory.java:1167) ~[spring-beans-5.1.6.RELEASE.jar:5.1.6.RELEASE]
	at org.springframework.beans.factory.annotation.AutowiredAnnotationBeanPostProcessor$AutowiredFieldElement.inject(AutowiredAnnotationBeanPostProcessor.java:593) ~[spring-beans-5.1.6.RELEASE.jar:5.1.6.RELEASE]
	at org.springframework.beans.factory.annotation.InjectionMetadata.inject(InjectionMetadata.java:90) ~[spring-beans-5.1.6.RELEASE.jar:5.1.6.RELEASE]
	at org.springframework.beans.factory.annotation.AutowiredAnnotationBeanPostProcessor.postProcessProperties(AutowiredAnnotationBeanPostProcessor.java:374) ~[spring-beans-5.1.6.RELEASE.jar:5.1.6.RELEASE]
	... 17 more
[INFO ] 2022-01-26 12:53:59 [main] com.springbootdemo.SpingbotoAppplicatoinApplication - this is info 
[WARN ] 2022-01-26 12:53:59 [main] com.springbootdemo.SpingbotoAppplicatoinApplication - this is warn 
[ERROR] 2022-01-26 12:53:59 [main] com.springbootdemo.SpingbotoAppplicatoinApplication - this is error 
[FATAL] 2022-01-26 12:53:59 [main] com.springbootdemo.SpingbotoAppplicatoinApplication - this is fatal 
[INFO ] 2022-01-26 12:54:00 [main] org.springframework.boot.StartupInfoLogger - Starting SpingbotoAppplicatoinApplication on DESKTOP-NT1482G with PID 15964 (C:\Users\pankaj.gusain\Downloads\SpingbotoAppplicatoin\target\classes started by pankaj.gusain in C:\Users\pankaj.gusain\Downloads\SpingbotoAppplicatoin)
[INFO ] 2022-01-26 12:54:00 [main] org.springframework.boot.SpringApplication - No active profile set, falling back to default profiles: default
[INFO ] 2022-01-26 12:54:01 [main] org.springframework.data.repository.config.RepositoryConfigurationDelegate - Bootstrapping Spring Data repositories in DEFAULT mode.
[INFO ] 2022-01-26 12:54:01 [main] org.springframework.data.repository.config.RepositoryConfigurationDelegate - Finished Spring Data repository scanning in 25ms. Found 0 repository interfaces.
[INFO ] 2022-01-26 12:54:01 [main] org.springframework.context.support.PostProcessorRegistrationDelegate$BeanPostProcessorChecker - Bean 'org.springframework.transaction.annotation.ProxyTransactionManagementConfiguration' of type [org.springframework.transaction.annotation.ProxyTransactionManagementConfiguration$$EnhancerBySpringCGLIB$$669cf20f] is not eligible for getting processed by all BeanPostProcessors (for example: not eligible for auto-proxying)
[INFO ] 2022-01-26 12:54:02 [main] org.springframework.boot.web.embedded.tomcat.TomcatWebServer - Tomcat initialized with port(s): 8600 (http)
[INFO ] 2022-01-26 12:54:02 [main] org.apache.juli.logging.DirectJDKLog - Initializing ProtocolHandler ["http-nio-8600"]
[INFO ] 2022-01-26 12:54:02 [main] org.apache.juli.logging.DirectJDKLog - Starting service [Tomcat]
[INFO ] 2022-01-26 12:54:02 [main] org.apache.juli.logging.DirectJDKLog - Starting Servlet engine: [Apache Tomcat/9.0.17]
[INFO ] 2022-01-26 12:54:02 [main] org.apache.juli.logging.DirectJDKLog - Initializing Spring embedded WebApplicationContext
[INFO ] 2022-01-26 12:54:02 [main] org.springframework.boot.web.servlet.context.ServletWebServerApplicationContext - Root WebApplicationContext: initialization completed in 2801 ms
[INFO ] 2022-01-26 12:54:03 [main] com.zaxxer.hikari.HikariDataSource - HikariPool-1 - Starting...
[WARN ] 2022-01-26 12:54:03 [main] com.zaxxer.hikari.util.DriverDataSource - Registered driver with driverClassName=com.mysql.jdbc.Driver was not found, trying direct instantiation.
[INFO ] 2022-01-26 12:54:04 [main] com.zaxxer.hikari.HikariDataSource - HikariPool-1 - Start completed.
[INFO ] 2022-01-26 12:54:04 [main] org.hibernate.jpa.internal.util.LogHelper - HHH000204: Processing PersistenceUnitInfo [
	name: default
	...]
[INFO ] 2022-01-26 12:54:04 [main] org.hibernate.Version - HHH000412: Hibernate Core {5.3.9.Final}
[INFO ] 2022-01-26 12:54:04 [main] org.hibernate.cfg.Environment - HHH000206: hibernate.properties not found
[INFO ] 2022-01-26 12:54:05 [main] org.hibernate.annotations.common.reflection.java.JavaReflectionManager - HCANN000001: Hibernate Commons Annotations {5.0.4.Final}
[INFO ] 2022-01-26 12:54:05 [main] org.hibernate.dialect.Dialect - HHH000400: Using dialect: org.hibernate.dialect.MySQL5Dialect
[INFO ] 2022-01-26 12:54:06 [main] org.springframework.orm.jpa.AbstractEntityManagerFactoryBean - Initialized JPA EntityManagerFactory for persistence unit 'default'
[INFO ] 2022-01-26 12:54:06 [main] org.springframework.scheduling.concurrent.ExecutorConfigurationSupport - Initializing ExecutorService 'applicationTaskExecutor'
[WARN ] 2022-01-26 12:54:07 [main] org.springframework.boot.autoconfigure.orm.jpa.JpaBaseConfiguration$JpaWebConfiguration$JpaWebMvcConfiguration - spring.jpa.open-in-view is enabled by default. Therefore, database queries may be performed during view rendering. Explicitly configure spring.jpa.open-in-view to disable this warning
[INFO ] 2022-01-26 12:54:07 [main] org.springframework.security.web.DefaultSecurityFilterChain - Creating filter chain: any request, [org.springframework.security.web.context.request.async.WebAsyncManagerIntegrationFilter@263e512e, org.springframework.security.web.context.SecurityContextPersistenceFilter@201b52f7, org.springframework.security.web.header.HeaderWriterFilter@d641499, org.springframework.security.web.authentication.logout.LogoutFilter@32c8d67, org.springframework.security.web.authentication.www.BasicAuthenticationFilter@1b53e6fc, org.springframework.security.web.savedrequest.RequestCacheAwareFilter@57806346, org.springframework.security.web.servletapi.SecurityContextHolderAwareRequestFilter@1791396b, org.springframework.security.web.authentication.AnonymousAuthenticationFilter@62c42a3, org.springframework.security.web.session.SessionManagementFilter@36c45149, org.springframework.security.web.access.ExceptionTranslationFilter@4e25282d, org.springframework.security.web.access.intercept.FilterSecurityInterceptor@2a7392a3]
[INFO ] 2022-01-26 12:54:07 [main] org.apache.juli.logging.DirectJDKLog - Starting ProtocolHandler ["http-nio-8600"]
[INFO ] 2022-01-26 12:54:07 [main] org.springframework.boot.web.embedded.tomcat.TomcatWebServer - Tomcat started on port(s): 8600 (http) with context path ''
[INFO ] 2022-01-26 12:54:07 [main] org.springframework.boot.StartupInfoLogger - Started SpingbotoAppplicatoinApplication in 8.199 seconds (JVM running for 10.145)
[INFO ] 2022-01-26 12:54:24 [http-nio-8600-exec-1] org.apache.juli.logging.DirectJDKLog - Initializing Spring DispatcherServlet 'dispatcherServlet'
[INFO ] 2022-01-26 12:54:24 [http-nio-8600-exec-1] org.springframework.web.servlet.FrameworkServlet - Initializing Servlet 'dispatcherServlet'
[INFO ] 2022-01-26 12:54:24 [http-nio-8600-exec-1] org.springframework.web.servlet.FrameworkServlet - Completed initialization in 19 ms
